<?xml version="1.0" encoding="UTF-8"?>
<testng-results ignored="0" total="0" passed="0" failed="0" skipped="0">
  <reporter-output>
  </reporter-output>
  <suite started-at="2021-07-02T00:26:16 ICT" name="All Test Suite" finished-at="2021-07-02T00:26:16 ICT" duration-ms="7">
    <groups>
    </groups>
    <test started-at="2021-07-02T00:26:16 ICT" name="SP-2 Login" finished-at="2021-07-02T00:26:16 ICT" duration-ms="7">
    </test> <!-- SP-2 Login -->
  </suite> <!-- All Test Suite -->
</testng-results>
